[ 2017-11-28T00:18:16+08:00 ] 119.23.139.140 /
INFO: [ app_init ] --START--
INFO: Run Behavior\BuildLiteBehavior [ RunTime:0.000009s ]
INFO: [ app_init ] --END-- [ RunTime:0.000178s ]
INFO: [ app_begin ] --START--
INFO: Run Behavior\ReadHtmlCacheBehavior [ RunTime:0.000232s ]
INFO: [ app_begin ] --END-- [ RunTime:0.000257s ]
SQL: SHOW COLUMNS FROM `fp_into_help` [ RunTime:0.0004s ]
SQL: SELECT `id`,`name`,`desc` FROM `fp_into_help` WHERE ( status=1 )  [ RunTime:0.0000s ]
SQL: SHOW COLUMNS FROM `fp_into_images` [ RunTime:0.0002s ]
SQL: SELECT `images`,`photo` FROM `fp_into_images` WHERE (  status=1 and series_id=66 )  [ RunTime:0.0001s ]
INFO: [ app_end ] --START--
INFO: Run Behavior\ShowPageTraceBehavior [ RunTime:0.000267s ]
INFO: [ app_end ] --END-- [ RunTime:0.000290s ]

[ 2017-11-28T00:25:28+08:00 ] 114.215.45.101 /
INFO: [ app_init ] --START--
INFO: Run Behavior\BuildLiteBehavior [ RunTime:0.000009s ]
INFO: [ app_init ] --END-- [ RunTime:0.000182s ]
INFO: [ app_begin ] --START--
INFO: Run Behavior\ReadHtmlCacheBehavior [ RunTime:0.000248s ]
INFO: [ app_begin ] --END-- [ RunTime:0.000273s ]
SQL: SHOW COLUMNS FROM `fp_into_help` [ RunTime:0.0004s ]
SQL: SELECT `id`,`name`,`desc` FROM `fp_into_help` WHERE ( status=1 )  [ RunTime:0.0000s ]
SQL: SHOW COLUMNS FROM `fp_into_images` [ RunTime:0.0003s ]
SQL: SELECT `images`,`photo` FROM `fp_into_images` WHERE (  status=1 and series_id=66 )  [ RunTime:0.0001s ]
INFO: [ app_end ] --START--
INFO: Run Behavior\ShowPageTraceBehavior [ RunTime:0.000275s ]
INFO: [ app_end ] --END-- [ RunTime:0.000301s ]

[ 2017-11-28T01:11:46+08:00 ] 123.151.42.61 /
INFO: [ app_init ] --START--
INFO: Run Behavior\BuildLiteBehavior [ RunTime:0.000010s ]
INFO: [ app_init ] --END-- [ RunTime:0.000199s ]
INFO: [ app_begin ] --START--
INFO: Run Behavior\ReadHtmlCacheBehavior [ RunTime:0.000247s ]
INFO: [ app_begin ] --END-- [ RunTime:0.000272s ]
SQL: SHOW COLUMNS FROM `fp_into_help` [ RunTime:0.0004s ]
SQL: SELECT `id`,`name`,`desc` FROM `fp_into_help` WHERE ( status=1 )  [ RunTime:0.0000s ]
SQL: SHOW COLUMNS FROM `fp_into_images` [ RunTime:0.0003s ]
SQL: SELECT `images`,`photo` FROM `fp_into_images` WHERE (  status=1 and series_id=66 )  [ RunTime:0.0001s ]
INFO: [ app_end ] --START--
INFO: Run Behavior\ShowPageTraceBehavior [ RunTime:0.000272s ]
INFO: [ app_end ] --END-- [ RunTime:0.000297s ]

[ 2017-11-28T02:14:18+08:00 ] 221.13.12.83 /
INFO: [ app_init ] --START--
INFO: Run Behavior\BuildLiteBehavior [ RunTime:0.000009s ]
INFO: [ app_init ] --END-- [ RunTime:0.000208s ]
INFO: [ app_begin ] --START--
INFO: Run Behavior\ReadHtmlCacheBehavior [ RunTime:0.000294s ]
INFO: [ app_begin ] --END-- [ RunTime:0.000323s ]
SQL: SHOW COLUMNS FROM `fp_into_help` [ RunTime:0.0005s ]
SQL: SELECT `id`,`name`,`desc` FROM `fp_into_help` WHERE ( status=1 )  [ RunTime:0.0000s ]
SQL: SHOW COLUMNS FROM `fp_into_images` [ RunTime:0.0003s ]
SQL: SELECT `images`,`photo` FROM `fp_into_images` WHERE (  status=1 and series_id=66 )  [ RunTime:0.0001s ]
INFO: [ app_end ] --START--
INFO: Run Behavior\ShowPageTraceBehavior [ RunTime:0.000311s ]
INFO: [ app_end ] --END-- [ RunTime:0.000338s ]

[ 2017-11-28T06:43:13+08:00 ] 47.94.52.138 /
INFO: [ app_init ] --START--
INFO: Run Behavior\BuildLiteBehavior [ RunTime:0.000014s ]
INFO: [ app_init ] --END-- [ RunTime:0.000268s ]
INFO: [ app_begin ] --START--
INFO: Run Behavior\ReadHtmlCacheBehavior [ RunTime:0.000322s ]
INFO: [ app_begin ] --END-- [ RunTime:0.000359s ]
SQL: SHOW COLUMNS FROM `fp_into_help` [ RunTime:0.0004s ]
SQL: SELECT `id`,`name`,`desc` FROM `fp_into_help` WHERE ( status=1 )  [ RunTime:0.0000s ]
SQL: SHOW COLUMNS FROM `fp_into_images` [ RunTime:0.0003s ]
SQL: SELECT `images`,`photo` FROM `fp_into_images` WHERE (  status=1 and series_id=66 )  [ RunTime:0.0001s ]
INFO: [ app_end ] --START--
INFO: Run Behavior\ShowPageTraceBehavior [ RunTime:0.000273s ]
INFO: [ app_end ] --END-- [ RunTime:0.000315s ]

[ 2017-11-28T08:10:15+08:00 ] 221.214.164.101 /index.php/home/index/home
INFO: [ app_init ] --START--
INFO: Run Behavior\BuildLiteBehavior [ RunTime:0.000011s ]
INFO: [ app_init ] --END-- [ RunTime:0.000250s ]
INFO: [ app_begin ] --START--
INFO: Run Behavior\ReadHtmlCacheBehavior [ RunTime:0.000247s ]
INFO: [ app_begin ] --END-- [ RunTime:0.000274s ]
SQL: SHOW COLUMNS FROM `fp_into_help` [ RunTime:0.0005s ]
SQL: SELECT `id`,`name`,`desc` FROM `fp_into_help` WHERE ( status=1 )  [ RunTime:0.0000s ]
SQL: SHOW COLUMNS FROM `fp_into_images` [ RunTime:0.0003s ]
SQL: SELECT `images`,`photo` FROM `fp_into_images` WHERE (  status=1 and series_id=66 )  [ RunTime:0.0001s ]
INFO: [ app_end ] --START--
INFO: Run Behavior\ShowPageTraceBehavior [ RunTime:0.000288s ]
INFO: [ app_end ] --END-- [ RunTime:0.000312s ]

[ 2017-11-28T08:10:23+08:00 ] 221.214.164.101 /index.php/home/index/home
INFO: [ app_init ] --START--
INFO: Run Behavior\BuildLiteBehavior [ RunTime:0.000010s ]
INFO: [ app_init ] --END-- [ RunTime:0.000196s ]
INFO: [ app_begin ] --START--
INFO: Run Behavior\ReadHtmlCacheBehavior [ RunTime:0.000262s ]
INFO: [ app_begin ] --END-- [ RunTime:0.000293s ]
SQL: SHOW COLUMNS FROM `fp_into_help` [ RunTime:0.0005s ]
SQL: SELECT `id`,`name`,`desc` FROM `fp_into_help` WHERE ( status=1 )  [ RunTime:0.0000s ]
SQL: SHOW COLUMNS FROM `fp_into_images` [ RunTime:0.0003s ]
SQL: SELECT `images`,`photo` FROM `fp_into_images` WHERE (  status=1 and series_id=66 )  [ RunTime:0.0001s ]
INFO: [ app_end ] --START--
INFO: Run Behavior\ShowPageTraceBehavior [ RunTime:0.000293s ]
INFO: [ app_end ] --END-- [ RunTime:0.000318s ]

[ 2017-11-28T08:10:39+08:00 ] 221.214.164.101 /home/index/home
INFO: [ app_init ] --START--
INFO: Run Behavior\BuildLiteBehavior [ RunTime:0.000008s ]
INFO: [ app_init ] --END-- [ RunTime:0.000195s ]
INFO: [ app_begin ] --START--
INFO: Run Behavior\ReadHtmlCacheBehavior [ RunTime:0.000236s ]
INFO: [ app_begin ] --END-- [ RunTime:0.000260s ]
SQL: SHOW COLUMNS FROM `fp_index_images` [ RunTime:0.0004s ]
SQL: SELECT * FROM `fp_index_images`  [ RunTime:0.0000s ]
SQL: SHOW COLUMNS FROM `fp_into_help` [ RunTime:0.0003s ]
SQL: SELECT `id`,`name`,`desc` FROM `fp_into_help` WHERE ( status=1 )  [ RunTime:0.0000s ]
SQL: SHOW COLUMNS FROM `fp_into_images` [ RunTime:0.0002s ]
SQL: SELECT `images`,`photo` FROM `fp_into_images` WHERE (  status=1 and series_id=66 )  [ RunTime:0.0001s ]
INFO: [ view_parse ] --START--
INFO: [ template_filter ] --START--
INFO: Run Behavior\ContentReplaceBehavior [ RunTime:0.000039s ]
INFO: [ template_filter ] --END-- [ RunTime:0.000065s ]
NOTIC: [8] Array to string conversion /data/wwwroot/default/log/Runtime/Cache/Home/39b332e5f8883cb2938d6d989e0f6c27.php 第 47 行.
INFO: Run Behavior\ParseTemplateBehavior [ RunTime:0.003661s ]
INFO: [ view_parse ] --END-- [ RunTime:0.003683s ]
INFO: [ view_filter ] --START--
INFO: Run Behavior\WriteHtmlCacheBehavior [ RunTime:0.000067s ]
INFO: [ view_filter ] --END-- [ RunTime:0.000082s ]
INFO: [ app_end ] --START--
INFO: Run Behavior\ShowPageTraceBehavior [ RunTime:0.000249s ]
INFO: [ app_end ] --END-- [ RunTime:0.000271s ]

[ 2017-11-28T08:10:49+08:00 ] 101.226.33.237 /home/index/home
INFO: [ app_init ] --START--
INFO: Run Behavior\BuildLiteBehavior [ RunTime:0.000009s ]
INFO: [ app_init ] --END-- [ RunTime:0.000191s ]
INFO: [ app_begin ] --START--
INFO: Run Behavior\ReadHtmlCacheBehavior [ RunTime:0.000245s ]
INFO: [ app_begin ] --END-- [ RunTime:0.000271s ]
SQL: SHOW COLUMNS FROM `fp_index_images` [ RunTime:0.0004s ]
SQL: SELECT * FROM `fp_index_images`  [ RunTime:0.0000s ]
SQL: SHOW COLUMNS FROM `fp_into_help` [ RunTime:0.0003s ]
SQL: SELECT `id`,`name`,`desc` FROM `fp_into_help` WHERE ( status=1 )  [ RunTime:0.0000s ]
SQL: SHOW COLUMNS FROM `fp_into_images` [ RunTime:0.0003s ]
SQL: SELECT `images`,`photo` FROM `fp_into_images` WHERE (  status=1 and series_id=66 )  [ RunTime:0.0001s ]
INFO: [ view_parse ] --START--
INFO: [ template_filter ] --START--
INFO: Run Behavior\ContentReplaceBehavior [ RunTime:0.000043s ]
INFO: [ template_filter ] --END-- [ RunTime:0.000072s ]
NOTIC: [8] Array to string conversion /data/wwwroot/default/log/Runtime/Cache/Home/39b332e5f8883cb2938d6d989e0f6c27.php 第 47 行.
INFO: Run Behavior\ParseTemplateBehavior [ RunTime:0.004476s ]
INFO: [ view_parse ] --END-- [ RunTime:0.004500s ]
INFO: [ view_filter ] --START--
INFO: Run Behavior\WriteHtmlCacheBehavior [ RunTime:0.000074s ]
INFO: [ view_filter ] --END-- [ RunTime:0.000091s ]
INFO: [ app_end ] --START--
INFO: Run Behavior\ShowPageTraceBehavior [ RunTime:0.000266s ]
INFO: [ app_end ] --END-- [ RunTime:0.000300s ]

[ 2017-11-28T08:32:44+08:00 ] 114.215.45.101 /
INFO: [ app_init ] --START--
INFO: Run Behavior\BuildLiteBehavior [ RunTime:0.000008s ]
INFO: [ app_init ] --END-- [ RunTime:0.000179s ]
INFO: [ app_begin ] --START--
INFO: Run Behavior\ReadHtmlCacheBehavior [ RunTime:0.000229s ]
INFO: [ app_begin ] --END-- [ RunTime:0.000253s ]
SQL: SHOW COLUMNS FROM `fp_into_help` [ RunTime:0.0004s ]
SQL: SELECT `id`,`name`,`desc` FROM `fp_into_help` WHERE ( status=1 )  [ RunTime:0.0000s ]
SQL: SHOW COLUMNS FROM `fp_into_images` [ RunTime:0.0002s ]
SQL: SELECT `images`,`photo` FROM `fp_into_images` WHERE (  status=1 and series_id=66 )  [ RunTime:0.0001s ]
INFO: [ app_end ] --START--
INFO: Run Behavior\ShowPageTraceBehavior [ RunTime:0.000275s ]
INFO: [ app_end ] --END-- [ RunTime:0.000305s ]

[ 2017-11-28T09:20:10+08:00 ] 120.78.57.167 /
INFO: [ app_init ] --START--
INFO: Run Behavior\BuildLiteBehavior [ RunTime:0.000009s ]
INFO: [ app_init ] --END-- [ RunTime:0.000199s ]
INFO: [ app_begin ] --START--
INFO: Run Behavior\ReadHtmlCacheBehavior [ RunTime:0.000233s ]
INFO: [ app_begin ] --END-- [ RunTime:0.000258s ]
SQL: SHOW COLUMNS FROM `fp_into_help` [ RunTime:0.0004s ]
SQL: SELECT `id`,`name`,`desc` FROM `fp_into_help` WHERE ( status=1 )  [ RunTime:0.0001s ]
SQL: SHOW COLUMNS FROM `fp_into_images` [ RunTime:0.0002s ]
SQL: SELECT `images`,`photo` FROM `fp_into_images` WHERE (  status=1 and series_id=66 )  [ RunTime:0.0001s ]
INFO: [ app_end ] --START--
INFO: Run Behavior\ShowPageTraceBehavior [ RunTime:0.000294s ]
INFO: [ app_end ] --END-- [ RunTime:0.000324s ]

[ 2017-11-28T12:15:29+08:00 ] 140.205.201.30 /
INFO: [ app_init ] --START--
INFO: Run Behavior\BuildLiteBehavior [ RunTime:0.000008s ]
INFO: [ app_init ] --END-- [ RunTime:0.000183s ]
INFO: [ app_begin ] --START--
INFO: Run Behavior\ReadHtmlCacheBehavior [ RunTime:0.000267s ]
INFO: [ app_begin ] --END-- [ RunTime:0.000299s ]
SQL: SHOW COLUMNS FROM `fp_into_help` [ RunTime:0.0004s ]
SQL: SELECT `id`,`name`,`desc` FROM `fp_into_help` WHERE ( status=1 )  [ RunTime:0.0000s ]
SQL: SHOW COLUMNS FROM `fp_into_images` [ RunTime:0.0003s ]
SQL: SELECT `images`,`photo` FROM `fp_into_images` WHERE (  status=1 and series_id=66 )  [ RunTime:0.0001s ]
INFO: [ app_end ] --START--
INFO: Run Behavior\ShowPageTraceBehavior [ RunTime:0.000270s ]
INFO: [ app_end ] --END-- [ RunTime:0.000295s ]

[ 2017-11-28T12:19:58+08:00 ] 140.205.201.30 /index.php
INFO: [ app_init ] --START--
INFO: Run Behavior\BuildLiteBehavior [ RunTime:0.000009s ]
INFO: [ app_init ] --END-- [ RunTime:0.000199s ]
INFO: [ app_begin ] --START--
INFO: Run Behavior\ReadHtmlCacheBehavior [ RunTime:0.000227s ]
INFO: [ app_begin ] --END-- [ RunTime:0.000249s ]
SQL: SHOW COLUMNS FROM `fp_into_help` [ RunTime:0.0004s ]
SQL: SELECT `id`,`name`,`desc` FROM `fp_into_help` WHERE ( status=1 )  [ RunTime:0.0000s ]
SQL: SHOW COLUMNS FROM `fp_into_images` [ RunTime:0.0002s ]
SQL: SELECT `images`,`photo` FROM `fp_into_images` WHERE (  status=1 and series_id=66 )  [ RunTime:0.0001s ]
INFO: [ app_end ] --START--
INFO: Run Behavior\ShowPageTraceBehavior [ RunTime:0.000265s ]
INFO: [ app_end ] --END-- [ RunTime:0.000290s ]

[ 2017-11-28T12:24:37+08:00 ] 140.205.201.30 /
INFO: [ app_init ] --START--
INFO: Run Behavior\BuildLiteBehavior [ RunTime:0.000008s ]
INFO: [ app_init ] --END-- [ RunTime:0.000184s ]
INFO: [ app_begin ] --START--
INFO: Run Behavior\ReadHtmlCacheBehavior [ RunTime:0.000236s ]
INFO: [ app_begin ] --END-- [ RunTime:0.000260s ]
SQL: SHOW COLUMNS FROM `fp_into_help` [ RunTime:0.0004s ]
SQL: SELECT `id`,`name`,`desc` FROM `fp_into_help` WHERE ( status=1 )  [ RunTime:0.0000s ]
SQL: SHOW COLUMNS FROM `fp_into_images` [ RunTime:0.0002s ]
SQL: SELECT `images`,`photo` FROM `fp_into_images` WHERE (  status=1 and series_id=66 )  [ RunTime:0.0001s ]
INFO: [ app_end ] --START--
INFO: Run Behavior\ShowPageTraceBehavior [ RunTime:0.000259s ]
INFO: [ app_end ] --END-- [ RunTime:0.000284s ]

[ 2017-11-28T12:30:47+08:00 ] 140.205.201.30 /
INFO: [ app_init ] --START--
INFO: Run Behavior\BuildLiteBehavior [ RunTime:0.000009s ]
INFO: [ app_init ] --END-- [ RunTime:0.000183s ]
INFO: [ app_begin ] --START--
INFO: Run Behavior\ReadHtmlCacheBehavior [ RunTime:0.000232s ]
INFO: [ app_begin ] --END-- [ RunTime:0.000258s ]
SQL: SHOW COLUMNS FROM `fp_into_help` [ RunTime:0.0004s ]
SQL: SELECT `id`,`name`,`desc` FROM `fp_into_help` WHERE ( status=1 )  [ RunTime:0.0000s ]
SQL: SHOW COLUMNS FROM `fp_into_images` [ RunTime:0.0002s ]
SQL: SELECT `images`,`photo` FROM `fp_into_images` WHERE (  status=1 and series_id=66 )  [ RunTime:0.0001s ]
INFO: [ app_end ] --START--
INFO: Run Behavior\ShowPageTraceBehavior [ RunTime:0.000271s ]
INFO: [ app_end ] --END-- [ RunTime:0.000296s ]

[ 2017-11-28T12:32:43+08:00 ] 140.205.201.30 /
INFO: [ app_init ] --START--
INFO: Run Behavior\BuildLiteBehavior [ RunTime:0.000010s ]
INFO: [ app_init ] --END-- [ RunTime:0.000203s ]
INFO: [ app_begin ] --START--
INFO: Run Behavior\ReadHtmlCacheBehavior [ RunTime:0.000232s ]
INFO: [ app_begin ] --END-- [ RunTime:0.000256s ]
SQL: SHOW COLUMNS FROM `fp_into_help` [ RunTime:0.0004s ]
SQL: SELECT `id`,`name`,`desc` FROM `fp_into_help` WHERE ( status=1 )  [ RunTime:0.0000s ]
SQL: SHOW COLUMNS FROM `fp_into_images` [ RunTime:0.0002s ]
SQL: SELECT `images`,`photo` FROM `fp_into_images` WHERE (  status=1 and series_id=66 )  [ RunTime:0.0001s ]
INFO: [ app_end ] --START--
INFO: Run Behavior\ShowPageTraceBehavior [ RunTime:0.000318s ]
INFO: [ app_end ] --END-- [ RunTime:0.000343s ]

[ 2017-11-28T12:44:24+08:00 ] 140.205.201.30 /
INFO: [ app_init ] --START--
INFO: Run Behavior\BuildLiteBehavior [ RunTime:0.000008s ]
INFO: [ app_init ] --END-- [ RunTime:0.000182s ]
INFO: [ app_begin ] --START--
INFO: Run Behavior\ReadHtmlCacheBehavior [ RunTime:0.000250s ]
INFO: [ app_begin ] --END-- [ RunTime:0.000275s ]
SQL: SHOW COLUMNS FROM `fp_into_help` [ RunTime:0.0004s ]
SQL: SELECT `id`,`name`,`desc` FROM `fp_into_help` WHERE ( status=1 )  [ RunTime:0.0000s ]
SQL: SHOW COLUMNS FROM `fp_into_images` [ RunTime:0.0002s ]
SQL: SELECT `images`,`photo` FROM `fp_into_images` WHERE (  status=1 and series_id=66 )  [ RunTime:0.0001s ]
INFO: [ app_end ] --START--
INFO: Run Behavior\ShowPageTraceBehavior [ RunTime:0.000259s ]
INFO: [ app_end ] --END-- [ RunTime:0.000283s ]

[ 2017-11-28T12:56:10+08:00 ] 140.205.201.30 /
INFO: [ app_init ] --START--
INFO: Run Behavior\BuildLiteBehavior [ RunTime:0.000010s ]
INFO: [ app_init ] --END-- [ RunTime:0.000201s ]
INFO: [ app_begin ] --START--
INFO: Run Behavior\ReadHtmlCacheBehavior [ RunTime:0.000229s ]
INFO: [ app_begin ] --END-- [ RunTime:0.000251s ]
SQL: SHOW COLUMNS FROM `fp_into_help` [ RunTime:0.0004s ]
SQL: SELECT `id`,`name`,`desc` FROM `fp_into_help` WHERE ( status=1 )  [ RunTime:0.0000s ]
SQL: SHOW COLUMNS FROM `fp_into_images` [ RunTime:0.0003s ]
SQL: SELECT `images`,`photo` FROM `fp_into_images` WHERE (  status=1 and series_id=66 )  [ RunTime:0.0001s ]
INFO: [ app_end ] --START--
INFO: Run Behavior\ShowPageTraceBehavior [ RunTime:0.000263s ]
INFO: [ app_end ] --END-- [ RunTime:0.000286s ]

[ 2017-11-28T12:56:23+08:00 ] 140.205.201.30 /
INFO: [ app_init ] --START--
INFO: Run Behavior\BuildLiteBehavior [ RunTime:0.000008s ]
INFO: [ app_init ] --END-- [ RunTime:0.000192s ]
INFO: [ app_begin ] --START--
INFO: Run Behavior\ReadHtmlCacheBehavior [ RunTime:0.000228s ]
INFO: [ app_begin ] --END-- [ RunTime:0.000251s ]
SQL: SHOW COLUMNS FROM `fp_into_help` [ RunTime:0.0004s ]
SQL: SELECT `id`,`name`,`desc` FROM `fp_into_help` WHERE ( status=1 )  [ RunTime:0.0000s ]
SQL: SHOW COLUMNS FROM `fp_into_images` [ RunTime:0.0002s ]
SQL: SELECT `images`,`photo` FROM `fp_into_images` WHERE (  status=1 and series_id=66 )  [ RunTime:0.0001s ]
INFO: [ app_end ] --START--
INFO: Run Behavior\ShowPageTraceBehavior [ RunTime:0.000285s ]
INFO: [ app_end ] --END-- [ RunTime:0.000310s ]

[ 2017-11-28T12:56:24+08:00 ] 140.205.201.30 /
INFO: [ app_init ] --START--
INFO: Run Behavior\BuildLiteBehavior [ RunTime:0.000009s ]
INFO: [ app_init ] --END-- [ RunTime:0.000184s ]
INFO: [ app_begin ] --START--
INFO: Run Behavior\ReadHtmlCacheBehavior [ RunTime:0.000263s ]
INFO: [ app_begin ] --END-- [ RunTime:0.000289s ]
SQL: SHOW COLUMNS FROM `fp_into_help` [ RunTime:0.0004s ]
SQL: SELECT `id`,`name`,`desc` FROM `fp_into_help` WHERE ( status=1 )  [ RunTime:0.0000s ]
SQL: SHOW COLUMNS FROM `fp_into_images` [ RunTime:0.0002s ]
SQL: SELECT `images`,`photo` FROM `fp_into_images` WHERE (  status=1 and series_id=66 )  [ RunTime:0.0001s ]
INFO: [ app_end ] --START--
INFO: Run Behavior\ShowPageTraceBehavior [ RunTime:0.000265s ]
INFO: [ app_end ] --END-- [ RunTime:0.000290s ]

[ 2017-11-28T13:15:03+08:00 ] 220.249.245.114 /
INFO: [ app_init ] --START--
INFO: Run Behavior\BuildLiteBehavior [ RunTime:0.000009s ]
INFO: [ app_init ] --END-- [ RunTime:0.000178s ]
INFO: [ app_begin ] --START--
INFO: Run Behavior\ReadHtmlCacheBehavior [ RunTime:0.000246s ]
INFO: [ app_begin ] --END-- [ RunTime:0.000271s ]
SQL: SHOW COLUMNS FROM `fp_into_help` [ RunTime:0.0004s ]
SQL: SELECT `id`,`name`,`desc` FROM `fp_into_help` WHERE ( status=1 )  [ RunTime:0.0000s ]
SQL: SHOW COLUMNS FROM `fp_into_images` [ RunTime:0.0002s ]
SQL: SELECT `images`,`photo` FROM `fp_into_images` WHERE (  status=1 and series_id=66 )  [ RunTime:0.0001s ]
INFO: [ app_end ] --START--
INFO: Run Behavior\ShowPageTraceBehavior [ RunTime:0.000262s ]
INFO: [ app_end ] --END-- [ RunTime:0.000286s ]

[ 2017-11-28T15:23:56+08:00 ] 106.11.226.231 /
INFO: [ app_init ] --START--
INFO: Run Behavior\BuildLiteBehavior [ RunTime:0.000009s ]
INFO: [ app_init ] --END-- [ RunTime:0.000188s ]
INFO: [ app_begin ] --START--
INFO: Run Behavior\ReadHtmlCacheBehavior [ RunTime:0.000234s ]
INFO: [ app_begin ] --END-- [ RunTime:0.000259s ]
SQL: SHOW COLUMNS FROM `fp_into_help` [ RunTime:0.0004s ]
SQL: SELECT `id`,`name`,`desc` FROM `fp_into_help` WHERE ( status=1 )  [ RunTime:0.0000s ]
SQL: SHOW COLUMNS FROM `fp_into_images` [ RunTime:0.0002s ]
SQL: SELECT `images`,`photo` FROM `fp_into_images` WHERE (  status=1 and series_id=66 )  [ RunTime:0.0001s ]
INFO: [ app_end ] --START--
INFO: Run Behavior\ShowPageTraceBehavior [ RunTime:0.000292s ]
INFO: [ app_end ] --END-- [ RunTime:0.000319s ]

[ 2017-11-28T16:33:45+08:00 ] 47.93.112.232 /
INFO: [ app_init ] --START--
INFO: Run Behavior\BuildLiteBehavior [ RunTime:0.000009s ]
INFO: [ app_init ] --END-- [ RunTime:0.000181s ]
INFO: [ app_begin ] --START--
INFO: Run Behavior\ReadHtmlCacheBehavior [ RunTime:0.000225s ]
INFO: [ app_begin ] --END-- [ RunTime:0.000248s ]
SQL: SHOW COLUMNS FROM `fp_into_help` [ RunTime:0.0004s ]
SQL: SELECT `id`,`name`,`desc` FROM `fp_into_help` WHERE ( status=1 )  [ RunTime:0.0001s ]
SQL: SHOW COLUMNS FROM `fp_into_images` [ RunTime:0.0002s ]
SQL: SELECT `images`,`photo` FROM `fp_into_images` WHERE (  status=1 and series_id=66 )  [ RunTime:0.0001s ]
INFO: [ app_end ] --START--
INFO: Run Behavior\ShowPageTraceBehavior [ RunTime:0.000262s ]
INFO: [ app_end ] --END-- [ RunTime:0.000286s ]

[ 2017-11-28T19:41:33+08:00 ] 104.236.136.49 /
INFO: [ app_init ] --START--
INFO: Run Behavior\BuildLiteBehavior [ RunTime:0.000010s ]
INFO: [ app_init ] --END-- [ RunTime:0.000199s ]
INFO: [ app_begin ] --START--
INFO: Run Behavior\ReadHtmlCacheBehavior [ RunTime:0.000229s ]
INFO: [ app_begin ] --END-- [ RunTime:0.000252s ]
SQL: SHOW COLUMNS FROM `fp_into_help` [ RunTime:0.0004s ]
SQL: SELECT `id`,`name`,`desc` FROM `fp_into_help` WHERE ( status=1 )  [ RunTime:0.0000s ]
SQL: SHOW COLUMNS FROM `fp_into_images` [ RunTime:0.0003s ]
SQL: SELECT `images`,`photo` FROM `fp_into_images` WHERE (  status=1 and series_id=66 )  [ RunTime:0.0001s ]
INFO: [ app_end ] --START--
INFO: Run Behavior\ShowPageTraceBehavior [ RunTime:0.000262s ]
INFO: [ app_end ] --END-- [ RunTime:0.000285s ]

[ 2017-11-28T21:51:34+08:00 ] 163.172.4.153 /
INFO: [ app_init ] --START--
INFO: Run Behavior\BuildLiteBehavior [ RunTime:0.000010s ]
INFO: [ app_init ] --END-- [ RunTime:0.000188s ]
INFO: [ app_begin ] --START--
INFO: Run Behavior\ReadHtmlCacheBehavior [ RunTime:0.000236s ]
INFO: [ app_begin ] --END-- [ RunTime:0.000260s ]
SQL: SHOW COLUMNS FROM `fp_into_help` [ RunTime:0.0004s ]
SQL: SELECT `id`,`name`,`desc` FROM `fp_into_help` WHERE ( status=1 )  [ RunTime:0.0000s ]
SQL: SHOW COLUMNS FROM `fp_into_images` [ RunTime:0.0002s ]
SQL: SELECT `images`,`photo` FROM `fp_into_images` WHERE (  status=1 and series_id=66 )  [ RunTime:0.0001s ]
INFO: [ app_end ] --START--
INFO: Run Behavior\ShowPageTraceBehavior [ RunTime:0.000273s ]
INFO: [ app_end ] --END-- [ RunTime:0.000298s ]

